app/build/outputs/logs/manifest-merger-debug-report.txt
-- Merging decision tree log ---
manifest
ADDED from AndroidManifest.xml:2:1
	package
		ADDED from AndroidManifest.xml:3:5
		INJECTED from AndroidManifest.xml:0:0
		INJECTED from AndroidManifest.xml:0:0
	android:versionName
		ADDED from AndroidManifest.xml:5:5
	android:versionCode
		ADDED from AndroidManifest.xml:4:5
		INJECTED from AndroidManifest.xml:0:0
		INJECTED from AndroidManifest.xml:0:0
	xmlns:android
		ADDED from AndroidManifest.xml:2:11
uses-sdk
ADDED from AndroidManifest.xml:7:5
MERGED from com.android.support:support-v4:22.2.0:20:5
MERGED from com.android.support:design:22.2.0:20:5
MERGED from com.android.support:appcompat-v7:22.2.0:20:5
MERGED from com.android.support:support-v4:22.2.0:20:5
MERGED from com.android.support:support-v4:22.2.0:20:5
	android:targetSdkVersion
		ADDED from AndroidManifest.xml:9:9
		INJECTED from AndroidManifest.xml:0:0
		INJECTED from AndroidManifest.xml:0:0
	android:minSdkVersion
		ADDED from AndroidManifest.xml:8:9
		INJECTED from AndroidManifest.xml:0:0
		INJECTED from AndroidManifest.xml:0:0
uses-permission#android.permission.WRITE_SETTINGS
ADDED from AndroidManifest.xml:11:5
	android:name
		ADDED from AndroidManifest.xml:11:22
uses-permission#com.android.launcher.permission.INSTALL_SHORTCUT
ADDED from AndroidManifest.xml:12:5
	android:name
		ADDED from AndroidManifest.xml:12:22
uses-permission#android.permission.CAMERA
ADDED from AndroidManifest.xml:13:5
	android:name
		ADDED from AndroidManifest.xml:13:22
uses-permission#android.permission.INTERNET
ADDED from AndroidManifest.xml:14:5
	android:name
		ADDED from AndroidManifest.xml:14:22
uses-permission#android.permission.WRITE_EXTERNAL_STORAGE
ADDED from AndroidManifest.xml:15:5
	android:name
		ADDED from AndroidManifest.xml:15:22
uses-permission#android.permission.ACCESS_FINE_LOCATION
ADDED from AndroidManifest.xml:16:5
	android:name
		ADDED from AndroidManifest.xml:16:22
uses-permission#android.permission.ACCESS_COARSE_LOCATION
ADDED from AndroidManifest.xml:17:5
	android:name
		ADDED from AndroidManifest.xml:17:22
uses-permission#android.permission.READ_PHONE_STATE
ADDED from AndroidManifest.xml:18:5
	android:name
		ADDED from AndroidManifest.xml:18:22
uses-permission#android.permission.CHANGE_CONFIGURATION
ADDED from AndroidManifest.xml:19:5
	android:name
		ADDED from AndroidManifest.xml:19:22
uses-permission#android.permission.RESTART_PACKAGES
ADDED from AndroidManifest.xml:20:5
	android:name
		ADDED from AndroidManifest.xml:20:22
uses-permission#android.permission.ACCESS_NETWORK_STATE
ADDED from AndroidManifest.xml:22:5
	android:name
		ADDED from AndroidManifest.xml:22:22
uses-permission#android.permission.WAKE_LOCK
ADDED from AndroidManifest.xml:23:5
	android:name
		ADDED from AndroidManifest.xml:23:22
uses-permission#android.permission.RECORD_AUDIO
ADDED from AndroidManifest.xml:24:5
	android:name
		ADDED from AndroidManifest.xml:24:22
uses-feature#android.hardware.camera
ADDED from AndroidManifest.xml:26:5
	android:name
		ADDED from AndroidManifest.xml:26:19
uses-feature#android.hardware.camera.autofocus
ADDED from AndroidManifest.xml:27:5
	android:name
		ADDED from AndroidManifest.xml:27:19
uses-permission#android.permission.VIBRATE
ADDED from AndroidManifest.xml:29:5
	android:name
		ADDED from AndroidManifest.xml:29:22
uses-permission#android.permission.READ_EXTERNAL_STORAGE
ADDED from AndroidManifest.xml:32:5
	android:maxSdkVersion
		ADDED from AndroidManifest.xml:34:9
	android:name
		ADDED from AndroidManifest.xml:33:9
application
ADDED from AndroidManifest.xml:36:5
MERGED from com.android.support:support-v4:22.2.0:22:5
MERGED from com.android.support:design:22.2.0:22:5
MERGED from com.android.support:appcompat-v7:22.2.0:22:5
MERGED from com.android.support:support-v4:22.2.0:22:5
MERGED from com.android.support:support-v4:22.2.0:22:5
	android:screenOrientation
		ADDED from AndroidManifest.xml:42:9
	android:label
		ADDED from AndroidManifest.xml:41:9
	android:hardwareAccelerated
		ADDED from AndroidManifest.xml:39:9
	android:allowBackup
		ADDED from AndroidManifest.xml:38:9
	android:icon
		ADDED from AndroidManifest.xml:40:9
	android:theme
		ADDED from AndroidManifest.xml:43:9
	android:name
		ADDED from AndroidManifest.xml:37:9
activity#com.warren.lolbox.StartActivity
ADDED from AndroidManifest.xml:44:9
	android:theme
		ADDED from AndroidManifest.xml:46:13
	android:name
		ADDED from AndroidManifest.xml:45:13
intent-filter#android.intent.action.MAIN+android.intent.category.LAUNCHER
ADDED from AndroidManifest.xml:47:13
action#android.intent.action.MAIN
ADDED from AndroidManifest.xml:48:17
	android:name
		ADDED from AndroidManifest.xml:48:25
category#android.intent.category.LAUNCHER
ADDED from AndroidManifest.xml:49:17
	android:name
		ADDED from AndroidManifest.xml:49:27
activity#com.warren.lolbox.MainActivity
ADDED from AndroidManifest.xml:52:9
	android:configChanges
		ADDED from AndroidManifest.xml:54:13
	android:name
		ADDED from AndroidManifest.xml:53:13
activity#com.warren.lolbox.SearchSummonerActivity
ADDED from AndroidManifest.xml:56:9
	android:configChanges
		ADDED from AndroidManifest.xml:58:13
	android:name
		ADDED from AndroidManifest.xml:57:13
activity#com.warren.lolbox.SumonerDetailActivity
ADDED from AndroidManifest.xml:60:9
	android:configChanges
		ADDED from AndroidManifest.xml:62:13
	android:name
		ADDED from AndroidManifest.xml:61:13
activity#com.warren.lolbox.CombatDetailActivity
ADDED from AndroidManifest.xml:64:9
	android:configChanges
		ADDED from AndroidManifest.xml:66:13
	android:name
		ADDED from AndroidManifest.xml:65:13
activity#com.warren.lolbox.CombatListActivity
ADDED from AndroidManifest.xml:68:9
	android:configChanges
		ADDED from AndroidManifest.xml:70:13
	android:name
		ADDED from AndroidManifest.xml:69:13
activity#com.warren.lolbox.BaikeActivity
ADDED from AndroidManifest.xml:72:9
	android:configChanges
		ADDED from AndroidManifest.xml:74:13
	android:name
		ADDED from AndroidManifest.xml:73:13
activity#com.warren.lolbox.MaterialTypesActivity
ADDED from AndroidManifest.xml:76:9
	android:configChanges
		ADDED from AndroidManifest.xml:78:13
	android:name
		ADDED from AndroidManifest.xml:77:13
activity#com.warren.lolbox.MaterialGridWithTypeActivity
ADDED from AndroidManifest.xml:80:9
	android:configChanges
		ADDED from AndroidManifest.xml:82:13
	android:name
		ADDED from AndroidManifest.xml:81:13
activity#com.warren.lolbox.MaterialDetailActivity
ADDED from AndroidManifest.xml:84:9
	android:configChanges
		ADDED from AndroidManifest.xml:86:13
	android:name
		ADDED from AndroidManifest.xml:85:13
activity#com.warren.lolbox.GiftActivity
ADDED from AndroidManifest.xml:88:9
	android:configChanges
		ADDED from AndroidManifest.xml:90:13
	android:name
		ADDED from AndroidManifest.xml:89:13
activity#com.warren.lolbox.RuneActivity
ADDED from AndroidManifest.xml:92:9
	android:configChanges
		ADDED from AndroidManifest.xml:94:13
	android:name
		ADDED from AndroidManifest.xml:93:13
activity#com.warren.lolbox.SummonerAbilityActivity
ADDED from AndroidManifest.xml:96:9
	android:configChanges
		ADDED from AndroidManifest.xml:98:13
	android:name
		ADDED from AndroidManifest.xml:97:13
activity#com.warren.lolbox.HeroListActivity
ADDED from AndroidManifest.xml:100:9
	android:configChanges
		ADDED from AndroidManifest.xml:102:13
	android:name
		ADDED from AndroidManifest.xml:101:13
activity#com.warren.lolbox.HeroDetailActivity
ADDED from AndroidManifest.xml:104:9
	android:configChanges
		ADDED from AndroidManifest.xml:106:13
	android:name
		ADDED from AndroidManifest.xml:105:13
activity#com.warren.lolbox.HeroTaticActivity
ADDED from AndroidManifest.xml:108:9
	android:configChanges
		ADDED from AndroidManifest.xml:110:13
	android:name
		ADDED from AndroidManifest.xml:109:13
activity#com.warren.lolbox.BestGroupActivity
ADDED from AndroidManifest.xml:112:9
	android:configChanges
		ADDED from AndroidManifest.xml:114:13
	android:name
		ADDED from AndroidManifest.xml:113:13
activity#com.warren.lolbox.BestGroupDetailActivity
ADDED from AndroidManifest.xml:116:9
	android:configChanges
		ADDED from AndroidManifest.xml:118:13
	android:name
		ADDED from AndroidManifest.xml:117:13
activity#com.warren.lolbox.SummonerAbilityDetailActivity
ADDED from AndroidManifest.xml:120:9
	android:configChanges
		ADDED from AndroidManifest.xml:122:13
	android:name
		ADDED from AndroidManifest.xml:121:13
activity#com.warren.lolbox.HotNewsActivity
ADDED from AndroidManifest.xml:124:9
	android:configChanges
		ADDED from AndroidManifest.xml:126:13
	android:name
		ADDED from AndroidManifest.xml:125:13
activity#com.warren.lolbox.NewsDetailActivity
ADDED from AndroidManifest.xml:128:9
	android:configChanges
		ADDED from AndroidManifest.xml:130:13
	android:name
		ADDED from AndroidManifest.xml:129:13
activity#com.warren.lolbox.NewsTopicActivity
ADDED from AndroidManifest.xml:132:9
	android:configChanges
		ADDED from AndroidManifest.xml:134:13
	android:name
		ADDED from AndroidManifest.xml:133:13
activity#com.warren.lolbox.AboutActivity
ADDED from AndroidManifest.xml:136:9
	android:configChanges
		ADDED from AndroidManifest.xml:138:13
	android:name
		ADDED from AndroidManifest.xml:137:13
activity#com.warren.lolbox.WeatherActivity
ADDED from AndroidManifest.xml:140:9
	android:configChanges
		ADDED from AndroidManifest.xml:142:13
	android:name
		ADDED from AndroidManifest.xml:141:13
activity#com.warren.lolbox.BaseWebActivity
ADDED from AndroidManifest.xml:144:9
	android:configChanges
		ADDED from AndroidManifest.xml:146:13
	android:name
		ADDED from AndroidManifest.xml:145:13
activity#com.warren.lolbox.ShakeActivity
ADDED from AndroidManifest.xml:148:9
	android:configChanges
		ADDED from AndroidManifest.xml:150:13
	android:name
		ADDED from AndroidManifest.xml:149:13
activity#com.warren.lolbox.MatchInfoActivity
ADDED from AndroidManifest.xml:152:9
	android:configChanges
		ADDED from AndroidManifest.xml:154:13
	android:name
		ADDED from AndroidManifest.xml:153:13
activity#com.warren.lolbox.HeroUpdateHistoryActivity
ADDED from AndroidManifest.xml:156:9
	android:configChanges
		ADDED from AndroidManifest.xml:158:13
	android:name
		ADDED from AndroidManifest.xml:157:13
activity#com.warren.lolbox.HeroWeekDataActivity
ADDED from AndroidManifest.xml:160:9
	android:configChanges
		ADDED from AndroidManifest.xml:162:13
	android:name
		ADDED from AndroidManifest.xml:161:13